<?xml version="1.0" encoding="UTF-8"?>
<testng-results ignored="0" total="1" passed="1" failed="0" skipped="0">
  <reporter-output>
  </reporter-output>
  <suite started-at="2023-04-30T21:57:09 EDT" name="Default suite" finished-at="2023-04-30T21:57:23 EDT" duration-ms="13866">
    <groups>
    </groups>
    <test started-at="2023-04-30T21:57:09 EDT" name="Default test" finished-at="2023-04-30T21:57:23 EDT" duration-ms="13866">
      <class name="testCases.VerifySignup">
        <test-method is-config="true" signature="launchBrowser()[pri:0, instance:testCases.VerifySignup@708f5957]" started-at="2023-04-30T21:57:09 EDT" name="launchBrowser" finished-at="2023-04-30T21:57:14 EDT" duration-ms="5365" status="PASS">
          <reporter-output>
          </reporter-output>
        </test-method> <!-- launchBrowser -->
        <test-method signature="signup()[pri:0, instance:testCases.VerifySignup@708f5957]" started-at="2023-04-30T21:57:14 EDT" name="signup" finished-at="2023-04-30T21:57:22 EDT" duration-ms="8208" status="PASS">
          <reporter-output>
          </reporter-output>
        </test-method> <!-- signup -->
        <test-method is-config="true" signature="quitBrowser()[pri:0, instance:testCases.VerifySignup@708f5957]" started-at="2023-04-30T21:57:22 EDT" name="quitBrowser" finished-at="2023-04-30T21:57:23 EDT" duration-ms="257" status="PASS">
          <reporter-output>
          </reporter-output>
        </test-method> <!-- quitBrowser -->
      </class> <!-- testCases.VerifySignup -->
    </test> <!-- Default test -->
  </suite> <!-- Default suite -->
</testng-results>
